<?xml version="1.0" encoding="UTF-8" ?>
<testsuite failures="0" time="63.531" errors="2" skipped="0" tests="2" name="com.teaminformatics.webapp.controller.DataPointControllerTest">
  <properties>
[...]
</properties>
  <testcase time="42.517" classname="com.teaminformatics.webapp.controller.DataPointControllerTest" name="getDataPointCategoryNoSubCats">
    <error message="Could not open Hibernate Session for transaction; nested exception is org.hibernate.exception.GenericJDBCException: Cannot open connection" type="org.springframework.transaction.CannotCreateTransactionException">org.springframework.transaction.CannotCreateTransactionException: Could not open Hibernate Session for transaction; nested exception is org.hibernate.exception.GenericJDBCException: Cannot open connection
	at org.springframework.orm.hibernate3.HibernateTransactionManager.doBegin(HibernateTransactionManager.java:601)
	at org.springframework.transaction.support.AbstractPlatformTransactionManager.getTransaction(AbstractPlatformTransactionManager.java:371)
	at org.springframework.test.context.transaction.TransactionalTestExecutionListener$TransactionContext.startTransaction(TransactionalTestExecutionListener.java:507)
	at org.springframework.test.context.transaction.TransactionalTestExecutionListener.startNewTransaction(TransactionalTestExecutionListener.java:269)
	at org.springframework.test.context.transaction.TransactionalTestExecutionListener.beforeTestMethod(TransactionalTestExecutionListener.java:162)
	at org.springframework.test.context.TestContextManager.beforeTestMethod(TestContextManager.java:358)
	at org.springframework.test.context.junit4.statements.RunBeforeTestMethodCallbacks.evaluate(RunBeforeTestMethodCallbacks.java:73)
	at org.junit.internal.runners.statements.RunAfters.evaluate(RunAfters.java:31)
	at org.springframework.test.context.junit4.statements.RunAfterTestMethodCallbacks.evaluate(RunAfterTestMethodCallbacks.java:82)
	at org.springframework.test.context.junit4.statements.SpringRepeat.evaluate(SpringRepeat.java:72)
	at org.springframework.test.context.junit4.SpringJUnit4ClassRunner.runChild(SpringJUnit4ClassRunner.java:240)
	at org.junit.runners.BlockJUnit4ClassRunner.runChild(BlockJUnit4ClassRunner.java:46)
	at org.junit.runners.ParentRunner.runChildren(ParentRunner.java:180)
	at org.junit.runners.ParentRunner.access$000(ParentRunner.java:41)
	at org.junit.runners.ParentRunner$1.evaluate(ParentRunner.java:173)
	at org.junit.internal.runners.statements.RunBefores.evaluate(RunBefores.java:28)
	at org.springframework.test.context.junit4.statements.RunBeforeTestClassCallbacks.evaluate(RunBeforeTestClassCallbacks.java:61)
	at org.junit.internal.runners.statements.RunAfters.evaluate(RunAfters.java:31)
	at org.springframework.test.context.junit4.statements.RunAfterTestClassCallbacks.evaluate(RunAfterTestClassCallbacks.java:70)
	at org.junit.runners.ParentRunner.run(ParentRunner.java:220)
	at org.springframework.test.context.junit4.SpringJUnit4ClassRunner.run(SpringJUnit4ClassRunner.java:180)
	at org.apache.maven.surefire.junit4.JUnit4TestSet.execute(JUnit4TestSet.java:35)
	at org.apache.maven.surefire.junit4.JUnit4Provider.executeTestSet(JUnit4Provider.java:115)
	at org.apache.maven.surefire.junit4.JUnit4Provider.invoke(JUnit4Provider.java:97)
	at sun.reflect.NativeMethodAccessorImpl.invoke0(Native Method)
	at sun.reflect.NativeMethodAccessorImpl.invoke(NativeMethodAccessorImpl.java:39)
	at sun.reflect.DelegatingMethodAccessorImpl.invoke(DelegatingMethodAccessorImpl.java:25)
	at java.lang.reflect.Method.invoke(Method.java:597)
	at org.apache.maven.surefire.booter.ProviderFactory$ClassLoaderProxy.invoke(ProviderFactory.java:103)
	at $Proxy0.invoke(Unknown Source)
	at org.apache.maven.surefire.booter.SurefireStarter.invokeProvider(SurefireStarter.java:150)
	at org.apache.maven.surefire.booter.SurefireStarter.runSuitesInProcess(SurefireStarter.java:91)
	at org.apache.maven.surefire.booter.ForkedBooter.main(ForkedBooter.java:69)
Caused by: org.hibernate.exception.GenericJDBCException: Cannot open connection
	at org.hibernate.exception.SQLStateConverter.handledNonSpecificException(SQLStateConverter.java:140)
	at org.hibernate.exception.SQLStateConverter.convert(SQLStateConverter.java:128)
	at org.hibernate.exception.JDBCExceptionHelper.convert(JDBCExceptionHelper.java:66)
	at org.hibernate.exception.JDBCExceptionHelper.convert(JDBCExceptionHelper.java:52)
	at org.hibernate.jdbc.ConnectionManager.openConnection(ConnectionManager.java:449)
	at org.hibernate.jdbc.ConnectionManager.getConnection(ConnectionManager.java:167)
	at org.hibernate.jdbc.JDBCContext.connection(JDBCContext.java:160)
	at org.hibernate.transaction.JDBCTransaction.begin(JDBCTransaction.java:81)
	at org.hibernate.impl.SessionImpl.beginTransaction(SessionImpl.java:1473)
	at org.springframework.orm.hibernate3.HibernateTransactionManager.doBegin(HibernateTransactionManager.java:559)
	... 32 more
Caused by: org.apache.commons.dbcp.SQLNestedException: Cannot create PoolableConnectionFactory (IO Error: The Network Adapter could not establish the connection)
	at org.apache.commons.dbcp.BasicDataSource.createPoolableConnectionFactory(BasicDataSource.java:1549)
	at org.apache.commons.dbcp.BasicDataSource.createDataSource(BasicDataSource.java:1388)
	at org.apache.commons.dbcp.BasicDataSource.getConnection(BasicDataSource.java:1044)
	at org.springframework.orm.hibernate3.LocalDataSourceConnectionProvider.getConnection(LocalDataSourceConnectionProvider.java:82)
	at org.hibernate.jdbc.ConnectionManager.openConnection(ConnectionManager.java:446)
	... 37 more
Caused by: java.sql.SQLRecoverableException: IO Error: The Network Adapter could not establish the connection
	at oracle.jdbc.driver.T4CConnection.logon(T4CConnection.java:419)
	at oracle.jdbc.driver.PhysicalConnection.&lt;init&gt;(PhysicalConnection.java:536)
	at oracle.jdbc.driver.T4CConnection.&lt;init&gt;(T4CConnection.java:228)
	at oracle.jdbc.driver.T4CDriverExtension.getConnection(T4CDriverExtension.java:32)
	at oracle.jdbc.driver.OracleDriver.connect(OracleDriver.java:521)
	at org.apache.commons.dbcp.DriverConnectionFactory.createConnection(DriverConnectionFactory.java:38)
	at org.apache.commons.dbcp.PoolableConnectionFactory.makeObject(PoolableConnectionFactory.java:582)
	at org.apache.commons.dbcp.BasicDataSource.validateConnectionFactory(BasicDataSource.java:1556)
	at org.apache.commons.dbcp.BasicDataSource.createPoolableConnectionFactory(BasicDataSource.java:1545)
	... 41 more
Caused by: oracle.net.ns.NetException: The Network Adapter could not establish the connection
	at oracle.net.nt.ConnStrategy.execute(ConnStrategy.java:375)
	at oracle.net.resolver.AddrResolution.resolveAndExecute(AddrResolution.java:422)
	at oracle.net.ns.NSProtocol.establishConnection(NSProtocol.java:678)
	at oracle.net.ns.NSProtocol.connect(NSProtocol.java:238)
	at oracle.jdbc.driver.T4CConnection.connect(T4CConnection.java:1054)
	at oracle.jdbc.driver.T4CConnection.logon(T4CConnection.java:308)
	... 49 more
Caused by: java.net.ConnectException: Connection timed out: connect
	at java.net.PlainSocketImpl.socketConnect(Native Method)
	at java.net.PlainSocketImpl.doConnect(PlainSocketImpl.java:351)
	at java.net.PlainSocketImpl.connectToAddress(PlainSocketImpl.java:213)
	at java.net.PlainSocketImpl.connect(PlainSocketImpl.java:200)
	at java.net.SocksSocketImpl.connect(SocksSocketImpl.java:366)
	at java.net.Socket.connect(Socket.java:529)
	at oracle.net.nt.TcpNTAdapter.connect(TcpNTAdapter.java:209)
	at oracle.net.nt.ConnOption.connect(ConnOption.java:123)
	at oracle.net.nt.ConnStrategy.execute(ConnStrategy.java:353)
	... 54 more
</error>
    <system-out>@SLTests run: 1, Failures: 0, Errors: 1, Skipped: 0, Time elapsed: 42.462 sec &lt;&lt;&lt; FAILURE!
@SLRunning com.teaminformatics.webapp.controller.DataPointControllerTest
</system-out>
    <system-err>804570 [main] INFO org.springframework.beans.factory.xml.XmlBeanDefinitionReader - Loading XML bean definitions from class path resource [com/teaminformatics/webapp/controller/DataPointControllerTest-context.xml]
804621 [main] INFO org.springframework.beans.factory.xml.XmlBeanDefinitionReader - Loading XML bean definitions from class path resource [BaseDaoTest-context.xml]
804644 [main] INFO org.springframework.context.support.GenericApplicationContext - Refreshing org.springframework.context.support.GenericApplicationContext@512d297a: startup date [Sun Oct 27 00:50:16 EDT 2013]; root of context hierarchy
804662 [main] INFO org.springframework.context.support.PropertySourcesPlaceholderConfigurer - Loading properties file from class path resource [jdbctest.properties]
804666 [main] INFO org.springframework.beans.factory.support.DefaultListableBeanFactory - Pre-instantiating singletons in org.springframework.beans.factory.support.DefaultListableBeanFactory@c265121: defining beans [org.springframework.context.support.PropertySourcesPlaceholderConfigurer#0,org.springframework.context.annotation.internalConfigurationAnnotationProcessor,org.springframework.context.annotation.internalAutowiredAnnotationProcessor,org.springframework.context.annotation.internalRequiredAnnotationProcessor,org.springframework.context.annotation.internalCommonAnnotationProcessor,org.springframework.context.annotation.internalPersistenceAnnotationProcessor,org.springframework.aop.config.internalAutoProxyCreator,org.springframework.transaction.annotation.AnnotationTransactionAttributeSource#0,org.springframework.transaction.interceptor.TransactionInterceptor#0,org.springframework.transaction.config.internalTransactionAdvisor,dataSource,sessionFactory,transactionManager,dataPointDao,medicalHierarchyViewDao,dataPointEntryDao,dataPointFormEntityDao,pageDao,dataPointController,org.springframework.context.annotation.ConfigurationClassPostProcessor$ImportAwareBeanPostProcessor#0]; root of factory hierarchy
804670 [main] INFO org.hibernate.cfg.Configuration - configuring from url: file:/C:/dev/workspacesynodex/synodex/target/classes/hibernate.cfg.xml
804672 [main] WARN org.hibernate.util.DTDEntityResolver - recognized obsolete hibernate namespace http://hibernate.sourceforge.net/. Use namespace http://www.hibernate.org/dtd/ instead. Refer to Hibernate 3.6 Migration Guide!
804675 [main] INFO org.hibernate.cfg.Configuration - Configured SessionFactory: null
804676 [main] INFO org.hibernate.cfg.AnnotationBinder - Binding entity from annotated class: org.appfuse.model.User
804676 [main] INFO org.hibernate.cfg.annotations.EntityBinder - Bind entity org.appfuse.model.User on table USERS
804680 [main] INFO org.hibernate.cfg.AnnotationBinder - Binding entity from annotated class: org.appfuse.model.Role
804680 [main] INFO org.hibernate.cfg.annotations.QueryBinder - Binding Named query: findRoleByName =&gt; select r from Role r where r.name = :name 
804680 [main] INFO org.hibernate.cfg.annotations.EntityBinder - Bind entity org.appfuse.model.Role on table roles
804681 [main] INFO org.hibernate.cfg.AnnotationBinder - Binding entity from annotated class: com.teaminformatics.synodex.model.Action
804681 [main] INFO org.hibernate.cfg.annotations.EntityBinder - Bind entity com.teaminformatics.synodex.model.Action on table ACTIONS
804682 [main] INFO org.hibernate.cfg.AnnotationBinder - Binding entity from annotated class: com.teaminformatics.synodex.model.LOV
804682 [main] INFO org.hibernate.cfg.annotations.EntityBinder - Bind entity com.teaminformatics.synodex.model.LOV on table LOVS
804684 [main] INFO org.hibernate.cfg.AnnotationBinder - Binding entity from annotated class: com.teaminformatics.synodex.model.LOVValues
804684 [main] INFO org.hibernate.cfg.annotations.EntityBinder - Bind entity com.teaminformatics.synodex.model.LOVValues on table LOVVALUES
804685 [main] INFO org.hibernate.cfg.AnnotationBinder - Binding entity from annotated class: com.teaminformatics.synodex.model.Audit
804685 [main] INFO org.hibernate.cfg.annotations.EntityBinder - Bind entity com.teaminformatics.synodex.model.Audit on table AUDITLOG
804687 [main] INFO org.hibernate.cfg.AnnotationBinder - Binding entity from annotated class: com.teaminformatics.synodex.model.Case
804687 [main] INFO org.hibernate.cfg.annotations.EntityBinder - Bind entity com.teaminformatics.synodex.model.Case on table CASES
804692 [main] INFO org.hibernate.cfg.AnnotationBinder - Binding entity from annotated class: com.teaminformatics.synodex.model.CaseHistory
804692 [main] INFO org.hibernate.cfg.annotations.EntityBinder - Bind entity com.teaminformatics.synodex.model.CaseHistory on table CASEHISTORY
804693 [main] INFO org.hibernate.cfg.AnnotationBinder - Binding entity from annotated class: com.teaminformatics.synodex.model.Client
804694 [main] INFO org.hibernate.cfg.annotations.EntityBinder - Bind entity com.teaminformatics.synodex.model.Client on table CLIENTS
804696 [main] INFO org.hibernate.cfg.AnnotationBinder - Binding entity from annotated class: com.teaminformatics.synodex.model.DataPointCategory
804697 [main] INFO org.hibernate.cfg.annotations.EntityBinder - Bind entity com.teaminformatics.synodex.model.DataPointCategory on table DPCATEGORIES
804698 [main] INFO org.hibernate.cfg.AnnotationBinder - Binding entity from annotated class: com.teaminformatics.synodex.model.DataPointCategoryGroup
804698 [main] INFO org.hibernate.cfg.annotations.EntityBinder - Bind entity com.teaminformatics.synodex.model.DataPointCategoryGroup on table DPCATEGORYGROUPS
804699 [main] INFO org.hibernate.cfg.AnnotationBinder - Binding entity from annotated class: com.teaminformatics.synodex.model.DataPointEntry
804699 [main] INFO org.hibernate.cfg.annotations.EntityBinder - Bind entity com.teaminformatics.synodex.model.DataPointEntry on table DPENTRIES
804704 [main] INFO org.hibernate.cfg.AnnotationBinder - Binding entity from annotated class: com.teaminformatics.synodex.model.DataPointEntryCode
804704 [main] INFO org.hibernate.cfg.annotations.EntityBinder - Bind entity com.teaminformatics.synodex.model.DataPointEntryCode on table DPENTRYCODES
804706 [main] INFO org.hibernate.cfg.AnnotationBinder - Binding entity from annotated class: com.teaminformatics.synodex.model.DataPointFormEntity
804706 [main] INFO org.hibernate.cfg.annotations.EntityBinder - Bind entity com.teaminformatics.synodex.model.DataPointFormEntity on table DPFORMENTITIES
804708 [main] INFO org.hibernate.cfg.AnnotationBinder - Binding entity from annotated class: com.teaminformatics.synodex.model.DataPointSubCategory
804708 [main] INFO org.hibernate.cfg.annotations.EntityBinder - Bind entity com.teaminformatics.synodex.model.DataPointSubCategory on table DPSUBCATEGORIES
804710 [main] INFO org.hibernate.cfg.AnnotationBinder - Binding entity from annotated class: com.teaminformatics.synodex.model.Division
804710 [main] INFO org.hibernate.cfg.annotations.EntityBinder - Bind entity com.teaminformatics.synodex.model.Division on table DIVISIONS
804711 [main] INFO org.hibernate.cfg.AnnotationBinder - Binding entity from annotated class: com.teaminformatics.synodex.model.DocumentType
804711 [main] INFO org.hibernate.cfg.annotations.EntityBinder - Bind entity com.teaminformatics.synodex.model.DocumentType on table DOCUMENTTYPES
804712 [main] INFO org.hibernate.cfg.AnnotationBinder - Binding entity from annotated class: com.teaminformatics.synodex.model.Error
804712 [main] INFO org.hibernate.cfg.annotations.EntityBinder - Bind entity com.teaminformatics.synodex.model.Error on table ERRORLOG
804713 [main] INFO org.hibernate.cfg.AnnotationBinder - Binding entity from annotated class: com.teaminformatics.synodex.model.Group
804713 [main] INFO org.hibernate.cfg.annotations.EntityBinder - Bind entity com.teaminformatics.synodex.model.Group on table GROUPS
804714 [main] INFO org.hibernate.cfg.AnnotationBinder - Binding entity from annotated class: com.teaminformatics.synodex.model.DocumentTypeGroup
804715 [main] INFO org.hibernate.cfg.annotations.QueryBinder - Binding Named query: DocumentTypeGroup.findByGroupId =&gt; from DocumentTypeGroup g where g.group=:groupid order by documentType.sequence
804715 [main] INFO org.hibernate.cfg.annotations.EntityBinder - Bind entity com.teaminformatics.synodex.model.DocumentTypeGroup on table DOCUMENTTYPEGROUPS
804716 [main] INFO org.hibernate.cfg.AnnotationBinder - Binding entity from annotated class: com.teaminformatics.synodex.model.Head
804716 [main] INFO org.hibernate.cfg.annotations.EntityBinder - Bind entity com.teaminformatics.synodex.model.Head on table HEAD
804717 [main] INFO org.hibernate.cfg.AnnotationBinder - Binding entity from annotated class: com.teaminformatics.synodex.model.Languages
804717 [main] INFO org.hibernate.cfg.annotations.EntityBinder - Bind entity com.teaminformatics.synodex.model.Languages on table LANGUAGES
804718 [main] INFO org.hibernate.cfg.AnnotationBinder - Binding entity from annotated class: com.teaminformatics.synodex.model.LocalizedText
804718 [main] INFO org.hibernate.cfg.annotations.EntityBinder - Bind entity com.teaminformatics.synodex.model.LocalizedText on table LOCALIZEDTEXT
804719 [main] INFO org.hibernate.cfg.AnnotationBinder - Binding entity from annotated class: com.teaminformatics.synodex.model.Message
804719 [main] INFO org.hibernate.cfg.annotations.EntityBinder - Bind entity com.teaminformatics.synodex.model.Message on table MESSAGES
804720 [main] INFO org.hibernate.cfg.AnnotationBinder - Binding entity from annotated class: com.teaminformatics.synodex.model.MasterCodes
804720 [main] INFO org.hibernate.cfg.annotations.EntityBinder - Bind entity com.teaminformatics.synodex.model.MasterCodes on table MASTERCODES
804721 [main] INFO org.hibernate.cfg.AnnotationBinder - Binding entity from annotated class: com.teaminformatics.synodex.model.Notable
804721 [main] INFO org.hibernate.cfg.annotations.EntityBinder - Bind entity com.teaminformatics.synodex.model.Notable on table DPNOTABLES
804722 [main] INFO org.hibernate.cfg.AnnotationBinder - Binding entity from annotated class: com.teaminformatics.synodex.model.Page
804722 [main] INFO org.hibernate.cfg.annotations.EntityBinder - Bind entity com.teaminformatics.synodex.model.Page on table PAGES
804725 [main] INFO org.hibernate.cfg.AnnotationBinder - Binding entity from annotated class: com.teaminformatics.synodex.model.Session
804725 [main] INFO org.hibernate.cfg.annotations.QueryBinder - Binding Named query: Session.findBySingleSignOnID =&gt; from Session s where s.apexSessionId = :ssoid
804725 [main] INFO org.hibernate.cfg.annotations.EntityBinder - Bind entity com.teaminformatics.synodex.model.Session on table SESSIONS
804727 [main] INFO org.hibernate.cfg.AnnotationBinder - Binding entity from annotated class: com.teaminformatics.synodex.model.Stage
804727 [main] INFO org.hibernate.cfg.annotations.EntityBinder - Bind entity com.teaminformatics.synodex.model.Stage on table STAGES
804728 [main] INFO org.hibernate.cfg.AnnotationBinder - Binding entity from annotated class: com.teaminformatics.synodex.model.Team
804728 [main] INFO org.hibernate.cfg.annotations.EntityBinder - Bind entity com.teaminformatics.synodex.model.Team on table TEAMS
804729 [main] INFO org.hibernate.cfg.AnnotationBinder - Binding entity from annotated class: com.teaminformatics.synodex.model.WorkFlows
804729 [main] INFO org.hibernate.cfg.annotations.EntityBinder - Bind entity com.teaminformatics.synodex.model.WorkFlows on table WORKFLOWS
804730 [main] INFO org.hibernate.cfg.AnnotationBinder - Binding entity from annotated class: com.teaminformatics.synodex.model.HierarchyRevisions
804730 [main] INFO org.hibernate.cfg.annotations.EntityBinder - Bind entity com.teaminformatics.synodex.model.HierarchyRevisions on table HIERARCHYREVISIONS
804731 [main] INFO org.hibernate.cfg.AnnotationBinder - Binding entity from annotated class: com.teaminformatics.synodex.model.DataPointSubCategoryCodes
804731 [main] INFO org.hibernate.cfg.annotations.EntityBinder - Bind entity com.teaminformatics.synodex.model.DataPointSubCategoryCodes on table DPSUBCATCODES
804732 [main] INFO org.hibernate.cfg.AnnotationBinder - Binding entity from annotated class: com.teaminformatics.synodex.model.MedicalHierarchy
804732 [main] INFO org.hibernate.cfg.annotations.EntityBinder - Bind entity com.teaminformatics.synodex.model.MedicalHierarchy on table MEDICALHIERARCHY
804737 [main] INFO org.hibernate.cfg.AnnotationBinder - Binding entity from annotated class: com.teaminformatics.synodex.model.ConfigSwitches
804737 [main] INFO org.hibernate.cfg.annotations.EntityBinder - Bind entity com.teaminformatics.synodex.model.ConfigSwitches on table CONFIG_SWITCHES
804739 [main] INFO org.hibernate.cfg.annotations.CollectionBinder - Mapping collection: com.teaminformatics.synodex.model.LOV.values -&gt; LOVVALUES
804740 [main] INFO org.hibernate.cfg.annotations.CollectionBinder - Mapping collection: com.teaminformatics.synodex.model.Case.pages -&gt; PAGES
804740 [main] INFO org.hibernate.cfg.annotations.CollectionBinder - Mapping collection: com.teaminformatics.synodex.model.DataPointCategory.subCategories -&gt; DPSUBCATEGORIES
804740 [main] INFO org.hibernate.cfg.annotations.CollectionBinder - Mapping collection: com.teaminformatics.synodex.model.DataPointEntry.codes -&gt; DPENTRYCODES
804740 [main] INFO org.hibernate.cfg.annotations.CollectionBinder - Mapping collection: com.teaminformatics.synodex.model.DataPointFormEntity.dataPointEntries -&gt; DPENTRIES
804740 [main] INFO org.hibernate.cfg.annotations.CollectionBinder - Mapping collection: com.teaminformatics.synodex.model.DocumentType.pages -&gt; PAGES
804740 [main] INFO org.hibernate.cfg.annotations.CollectionBinder - Mapping collection: com.teaminformatics.synodex.model.Group.client -&gt; CLIENTS
804740 [main] INFO org.hibernate.cfg.annotations.CollectionBinder - Mapping collection: com.teaminformatics.synodex.model.Page.dataPointEntries -&gt; DPENTRIES
804741 [main] INFO org.hibernate.cfg.Configuration - Hibernate Validator not found: ignoring
804741 [main] INFO org.springframework.orm.hibernate3.LocalSessionFactoryBean - Building new Hibernate SessionFactory
804744 [main] INFO org.hibernate.cfg.search.HibernateSearchEventListenerRegister - Unable to find org.hibernate.search.event.FullTextIndexEventListener on the classpath. Hibernate Search is not enabled.
804745 [main] INFO org.hibernate.connection.ConnectionProviderFactory - Initializing connection provider: org.springframework.orm.hibernate3.LocalDataSourceConnectionProvider
825751 [main] WARN org.hibernate.util.JDBCExceptionReporter - SQL Error: 0, SQLState: null
825751 [main] ERROR org.hibernate.util.JDBCExceptionReporter - Cannot create PoolableConnectionFactory (IO Error: The Network Adapter could not establish the connection)
825751 [main] WARN org.hibernate.cfg.SettingsFactory - Could not obtain connection to query metadata
org.apache.commons.dbcp.SQLNestedException: Cannot create PoolableConnectionFactory (IO Error: The Network Adapter could not establish the connection)
	at org.apache.commons.dbcp.BasicDataSource.createPoolableConnectionFactory(BasicDataSource.java:1549)
	at org.apache.commons.dbcp.BasicDataSource.createDataSource(BasicDataSource.java:1388)
	at org.apache.commons.dbcp.BasicDataSource.getConnection(BasicDataSource.java:1044)
	at org.springframework.orm.hibernate3.LocalDataSourceConnectionProvider.getConnection(LocalDataSourceConnectionProvider.java:82)
	at org.hibernate.cfg.SettingsFactory.buildSettings(SettingsFactory.java:114)
	at org.hibernate.cfg.Configuration.buildSettingsInternal(Configuration.java:2833)
	at org.hibernate.cfg.Configuration.buildSettings(Configuration.java:2829)
	at org.hibernate.cfg.Configuration.buildSessionFactory(Configuration.java:1840)
	at org.springframework.orm.hibernate3.SessionFactoryBuilderSupport.newSessionFactory(SessionFactoryBuilderSupport.java:607)
	at org.springframework.orm.hibernate3.SessionFactoryBuilderSupport.doBuildSessionFactory(SessionFactoryBuilderSupport.java:467)
	at org.springframework.orm.hibernate3.SessionFactoryBeanDelegate.afterPropertiesSet(SessionFactoryBeanDelegate.java:110)
	at org.springframework.orm.hibernate3.LocalSessionFactoryBean.afterPropertiesSet(LocalSessionFactoryBean.java:96)
	at org.springframework.beans.factory.support.AbstractAutowireCapableBeanFactory.invokeInitMethods(AbstractAutowireCapableBeanFactory.java:1479)
	at org.springframework.beans.factory.support.AbstractAutowireCapableBeanFactory.initializeBean(AbstractAutowireCapableBeanFactory.java:1417)
	at org.springframework.beans.factory.support.AbstractAutowireCapableBeanFactory.doCreateBean(AbstractAutowireCapableBeanFactory.java:519)
	at org.springframework.beans.factory.support.AbstractAutowireCapableBeanFactory.createBean(AbstractAutowireCapableBeanFactory.java:456)
	at org.springframework.beans.factory.support.AbstractBeanFactory$1.getObject(AbstractBeanFactory.java:295)
	at org.springframework.beans.factory.support.DefaultSingletonBeanRegistry.getSingleton(DefaultSingletonBeanRegistry.java:225)
	at org.springframework.beans.factory.support.AbstractBeanFactory.doGetBean(AbstractBeanFactory.java:292)
	at org.springframework.beans.factory.support.AbstractBeanFactory.getBean(AbstractBeanFactory.java:194)
	at org.springframework.beans.factory.support.DefaultListableBeanFactory.preInstantiateSingletons(DefaultListableBeanFactory.java:563)
	at org.springframework.context.support.AbstractApplicationContext.finishBeanFactoryInitialization(AbstractApplicationContext.java:913)
	at org.springframework.context.support.AbstractApplicationContext.refresh(AbstractApplicationContext.java:464)
	at org.springframework.test.context.support.AbstractGenericContextLoader.loadContext(AbstractGenericContextLoader.java:84)
	at org.springframework.test.context.support.AbstractGenericContextLoader.loadContext(AbstractGenericContextLoader.java:1)
	at org.springframework.test.context.TestContext.loadApplicationContext(TestContext.java:280)
	at org.springframework.test.context.TestContext.getApplicationContext(TestContext.java:304)
	at org.springframework.test.context.support.DependencyInjectionTestExecutionListener.injectDependencies(DependencyInjectionTestExecutionListener.java:109)
	at org.springframework.test.context.support.DependencyInjectionTestExecutionListener.prepareTestInstance(DependencyInjectionTestExecutionListener.java:75)
	at org.springframework.test.context.TestContextManager.prepareTestInstance(TestContextManager.java:321)
	at org.springframework.test.context.junit4.SpringJUnit4ClassRunner.createTest(SpringJUnit4ClassRunner.java:220)
	at org.springframework.test.context.junit4.SpringJUnit4ClassRunner$1.runReflectiveCall(SpringJUnit4ClassRunner.java:301)
	at org.junit.internal.runners.model.ReflectiveCallable.run(ReflectiveCallable.java:15)
	at org.springframework.test.context.junit4.SpringJUnit4ClassRunner.methodBlock(SpringJUnit4ClassRunner.java:303)
	at org.springframework.test.context.junit4.SpringJUnit4ClassRunner.runChild(SpringJUnit4ClassRunner.java:240)
	at org.junit.runners.BlockJUnit4ClassRunner.runChild(BlockJUnit4ClassRunner.java:46)
	at org.junit.runners.ParentRunner.runChildren(ParentRunner.java:180)
	at org.junit.runners.ParentRunner.access$000(ParentRunner.java:41)
	at org.junit.runners.ParentRunner$1.evaluate(ParentRunner.java:173)
	at org.junit.internal.runners.statements.RunBefores.evaluate(RunBefores.java:28)
	at org.springframework.test.context.junit4.statements.RunBeforeTestClassCallbacks.evaluate(RunBeforeTestClassCallbacks.java:61)
	at org.junit.internal.runners.statements.RunAfters.evaluate(RunAfters.java:31)
	at org.springframework.test.context.junit4.statements.RunAfterTestClassCallbacks.evaluate(RunAfterTestClassCallbacks.java:70)
	at org.junit.runners.ParentRunner.run(ParentRunner.java:220)
	at org.springframework.test.context.junit4.SpringJUnit4ClassRunner.run(SpringJUnit4ClassRunner.java:180)
	at org.apache.maven.surefire.junit4.JUnit4TestSet.execute(JUnit4TestSet.java:35)
	at org.apache.maven.surefire.junit4.JUnit4Provider.executeTestSet(JUnit4Provider.java:115)
	at org.apache.maven.surefire.junit4.JUnit4Provider.invoke(JUnit4Provider.java:97)
	at sun.reflect.NativeMethodAccessorImpl.invoke0(Native Method)
	at sun.reflect.NativeMethodAccessorImpl.invoke(NativeMethodAccessorImpl.java:39)
	at sun.reflect.DelegatingMethodAccessorImpl.invoke(DelegatingMethodAccessorImpl.java:25)
	at java.lang.reflect.Method.invoke(Method.java:597)
	at org.apache.maven.surefire.booter.ProviderFactory$ClassLoaderProxy.invoke(ProviderFactory.java:103)
	at $Proxy0.invoke(Unknown Source)
	at org.apache.maven.surefire.booter.SurefireStarter.invokeProvider(SurefireStarter.java:150)
	at org.apache.maven.surefire.booter.SurefireStarter.runSuitesInProcess(SurefireStarter.java:91)
	at org.apache.maven.surefire.booter.ForkedBooter.main(ForkedBooter.java:69)
Caused by: java.sql.SQLRecoverableException: IO Error: The Network Adapter could not establish the connection
	at oracle.jdbc.driver.T4CConnection.logon(T4CConnection.java:419)
	at oracle.jdbc.driver.PhysicalConnection.&lt;init&gt;(PhysicalConnection.java:536)
	at oracle.jdbc.driver.T4CConnection.&lt;init&gt;(T4CConnection.java:228)
	at oracle.jdbc.driver.T4CDriverExtension.getConnection(T4CDriverExtension.java:32)
	at oracle.jdbc.driver.OracleDriver.connect(OracleDriver.java:521)
	at org.apache.commons.dbcp.DriverConnectionFactory.createConnection(DriverConnectionFactory.java:38)
	at org.apache.commons.dbcp.PoolableConnectionFactory.makeObject(PoolableConnectionFactory.java:582)
	at org.apache.commons.dbcp.BasicDataSource.validateConnectionFactory(BasicDataSource.java:1556)
	at org.apache.commons.dbcp.BasicDataSource.createPoolableConnectionFactory(BasicDataSource.java:1545)
	... 56 more
Caused by: oracle.net.ns.NetException: The Network Adapter could not establish the connection
	at oracle.net.nt.ConnStrategy.execute(ConnStrategy.java:375)
	at oracle.net.resolver.AddrResolution.resolveAndExecute(AddrResolution.java:422)
	at oracle.net.ns.NSProtocol.establishConnection(NSProtocol.java:678)
	at oracle.net.ns.NSProtocol.connect(NSProtocol.java:238)
	at oracle.jdbc.driver.T4CConnection.connect(T4CConnection.java:1054)
	at oracle.jdbc.driver.T4CConnection.logon(T4CConnection.java:308)
	... 64 more
Caused by: java.net.ConnectException: Connection timed out: connect
	at java.net.PlainSocketImpl.socketConnect(Native Method)
	at java.net.PlainSocketImpl.doConnect(PlainSocketImpl.java:351)
	at java.net.PlainSocketImpl.connectToAddress(PlainSocketImpl.java:213)
	at java.net.PlainSocketImpl.connect(PlainSocketImpl.java:200)
	at java.net.SocksSocketImpl.connect(SocksSocketImpl.java:366)
	at java.net.Socket.connect(Socket.java:529)
	at oracle.net.nt.TcpNTAdapter.connect(TcpNTAdapter.java:209)
	at oracle.net.nt.ConnOption.connect(ConnOption.java:123)
	at oracle.net.nt.ConnStrategy.execute(ConnStrategy.java:353)
	... 69 more
825756 [main] INFO org.hibernate.dialect.Dialect - Using dialect: org.hibernate.dialect.Oracle10gDialect
825756 [main] INFO org.hibernate.engine.jdbc.JdbcSupportLoader - Disabling contextual LOB creation as connection was null
825756 [main] INFO org.hibernate.transaction.TransactionFactoryFactory - Transaction strategy: org.springframework.orm.hibernate3.SpringTransactionFactory
825756 [main] INFO org.hibernate.transaction.TransactionManagerLookupFactory - No TransactionManagerLookup configured (in JTA environment, use of read-write or transactional second-level cache is not recommended)
825756 [main] INFO org.hibernate.cfg.SettingsFactory - Automatic flush during beforeCompletion(): disabled
825756 [main] INFO org.hibernate.cfg.SettingsFactory - Automatic session close at end of transaction: disabled
825756 [main] INFO org.hibernate.cfg.SettingsFactory - Scrollable result sets: disabled
825756 [main] INFO org.hibernate.cfg.SettingsFactory - JDBC3 getGeneratedKeys(): disabled
825756 [main] INFO org.hibernate.cfg.SettingsFactory - Connection release mode: auto
825756 [main] INFO org.hibernate.cfg.SettingsFactory - Default batch fetch size: 1
825756 [main] INFO org.hibernate.cfg.SettingsFactory - Generate SQL with comments: disabled
825756 [main] INFO org.hibernate.cfg.SettingsFactory - Order SQL updates by primary key: disabled
825756 [main] INFO org.hibernate.cfg.SettingsFactory - Order SQL inserts for batching: disabled
825756 [main] INFO org.hibernate.cfg.SettingsFactory - Query translator: org.hibernate.hql.ast.ASTQueryTranslatorFactory
825756 [main] INFO org.hibernate.hql.ast.ASTQueryTranslatorFactory - Using ASTQueryTranslatorFactory
825757 [main] INFO org.hibernate.cfg.SettingsFactory - Query language substitutions: {}
825757 [main] INFO org.hibernate.cfg.SettingsFactory - JPA-QL strict compliance: disabled
825757 [main] INFO org.hibernate.cfg.SettingsFactory - Second-level cache: enabled
825757 [main] INFO org.hibernate.cfg.SettingsFactory - Query cache: disabled
825757 [main] INFO org.hibernate.cfg.SettingsFactory - Cache region factory : org.hibernate.cache.impl.NoCachingRegionFactory
825757 [main] INFO org.hibernate.cfg.SettingsFactory - Optimize cache for minimal puts: disabled
825757 [main] INFO org.hibernate.cfg.SettingsFactory - Structured second-level cache entries: disabled
825757 [main] INFO org.hibernate.cfg.SettingsFactory - Statistics: disabled
825757 [main] INFO org.hibernate.cfg.SettingsFactory - Deleted entity synthetic identifier rollback: disabled
825757 [main] INFO org.hibernate.cfg.SettingsFactory - Default entity-mode: pojo
825757 [main] INFO org.hibernate.cfg.SettingsFactory - Named query checking : enabled
825757 [main] INFO org.hibernate.cfg.SettingsFactory - Check Nullability in Core (should be disabled when Bean Validation is on): enabled
825765 [main] INFO org.hibernate.impl.SessionFactoryImpl - building session factory
825765 [main] INFO org.hibernate.type.BasicTypeRegistry - Type registration [clob] overrides previous : org.hibernate.type.ClobType@54cb2185
825765 [main] INFO org.hibernate.type.BasicTypeRegistry - Type registration [java.sql.Clob] overrides previous : org.hibernate.type.ClobType@54cb2185
825765 [main] INFO org.hibernate.type.BasicTypeRegistry - Type registration [blob] overrides previous : org.hibernate.type.BlobType@6405ce40
825765 [main] INFO org.hibernate.type.BasicTypeRegistry - Type registration [java.sql.Blob] overrides previous : org.hibernate.type.BlobType@6405ce40
825765 [main] INFO org.hibernate.type.BasicTypeRegistry - Type registration [materialized_clob] overrides previous : org.hibernate.type.MaterializedClobType@3927ff0d
825765 [main] INFO org.hibernate.type.BasicTypeRegistry - Type registration [characters_clob] overrides previous : org.hibernate.type.PrimitiveCharacterArrayClobType@70d9cbcb
825766 [main] INFO org.hibernate.type.BasicTypeRegistry - Type registration [wrapper_characters_clob] overrides previous : org.hibernate.type.CharacterArrayClobType@6ad2b64e
825766 [main] INFO org.hibernate.type.BasicTypeRegistry - Type registration [wrapper_materialized_blob] overrides previous : org.hibernate.type.WrappedMaterializedBlobType@2fbef1ac
825766 [main] INFO org.hibernate.type.BasicTypeRegistry - Type registration [materialized_blob] overrides previous : org.hibernate.type.MaterializedBlobType@20ec6bb1
826019 [main] INFO org.hibernate.impl.SessionFactoryObjectFactory - Not binding factory to JNDI, no JNDI name configured
826032 [main] INFO org.springframework.orm.hibernate3.HibernateTransactionManager - Using DataSource [org.apache.commons.dbcp.BasicDataSource@1042bb13] of Hibernate SessionFactory for HibernateTransactionManager
847081 [main] WARN org.hibernate.util.JDBCExceptionReporter - SQL Error: 0, SQLState: null
847081 [main] ERROR org.hibernate.util.JDBCExceptionReporter - Cannot create PoolableConnectionFactory (IO Error: The Network Adapter could not establish the connection)
847081 [main] WARN org.hibernate.util.JDBCExceptionReporter - SQL Error: 0, SQLState: null
847081 [main] ERROR org.hibernate.util.JDBCExceptionReporter - Cannot create PoolableConnectionFactory (IO Error: The Network Adapter could not establish the connection)
847081 [main] WARN org.springframework.test.context.TestContextManager - Caught exception while allowing TestExecutionListener [org.springframework.test.context.transaction.TransactionalTestExecutionListener@34469729] to process &apos;before&apos; execution of test method [public void com.teaminformatics.webapp.controller.DataPointControllerTest.getDataPointCategoryNoSubCats()] for test instance [com.teaminformatics.webapp.controller.DataPointControllerTest@66e1f8f]
org.springframework.transaction.CannotCreateTransactionException: Could not open Hibernate Session for transaction; nested exception is org.hibernate.exception.GenericJDBCException: Cannot open connection
	at org.springframework.orm.hibernate3.HibernateTransactionManager.doBegin(HibernateTransactionManager.java:601)
	at org.springframework.transaction.support.AbstractPlatformTransactionManager.getTransaction(AbstractPlatformTransactionManager.java:371)
	at org.springframework.test.context.transaction.TransactionalTestExecutionListener$TransactionContext.startTransaction(TransactionalTestExecutionListener.java:507)
	at org.springframework.test.context.transaction.TransactionalTestExecutionListener.startNewTransaction(TransactionalTestExecutionListener.java:269)
	at org.springframework.test.context.transaction.TransactionalTestExecutionListener.beforeTestMethod(TransactionalTestExecutionListener.java:162)
	at org.springframework.test.context.TestContextManager.beforeTestMethod(TestContextManager.java:358)
	at org.springframework.test.context.junit4.statements.RunBeforeTestMethodCallbacks.evaluate(RunBeforeTestMethodCallbacks.java:73)
	at org.junit.internal.runners.statements.RunAfters.evaluate(RunAfters.java:31)
	at org.springframework.test.context.junit4.statements.RunAfterTestMethodCallbacks.evaluate(RunAfterTestMethodCallbacks.java:82)
	at org.springframework.test.context.junit4.statements.SpringRepeat.evaluate(SpringRepeat.java:72)
	at org.springframework.test.context.junit4.SpringJUnit4ClassRunner.runChild(SpringJUnit4ClassRunner.java:240)
	at org.junit.runners.BlockJUnit4ClassRunner.runChild(BlockJUnit4ClassRunner.java:46)
	at org.junit.runners.ParentRunner.runChildren(ParentRunner.java:180)
	at org.junit.runners.ParentRunner.access$000(ParentRunner.java:41)
	at org.junit.runners.ParentRunner$1.evaluate(ParentRunner.java:173)
	at org.junit.internal.runners.statements.RunBefores.evaluate(RunBefores.java:28)
	at org.springframework.test.context.junit4.statements.RunBeforeTestClassCallbacks.evaluate(RunBeforeTestClassCallbacks.java:61)
	at org.junit.internal.runners.statements.RunAfters.evaluate(RunAfters.java:31)
	at org.springframework.test.context.junit4.statements.RunAfterTestClassCallbacks.evaluate(RunAfterTestClassCallbacks.java:70)
	at org.junit.runners.ParentRunner.run(ParentRunner.java:220)
	at org.springframework.test.context.junit4.SpringJUnit4ClassRunner.run(SpringJUnit4ClassRunner.java:180)
	at org.apache.maven.surefire.junit4.JUnit4TestSet.execute(JUnit4TestSet.java:35)
	at org.apache.maven.surefire.junit4.JUnit4Provider.executeTestSet(JUnit4Provider.java:115)
	at org.apache.maven.surefire.junit4.JUnit4Provider.invoke(JUnit4Provider.java:97)
	at sun.reflect.NativeMethodAccessorImpl.invoke0(Native Method)
	at sun.reflect.NativeMethodAccessorImpl.invoke(NativeMethodAccessorImpl.java:39)
	at sun.reflect.DelegatingMethodAccessorImpl.invoke(DelegatingMethodAccessorImpl.java:25)
	at java.lang.reflect.Method.invoke(Method.java:597)
	at org.apache.maven.surefire.booter.ProviderFactory$ClassLoaderProxy.invoke(ProviderFactory.java:103)
	at $Proxy0.invoke(Unknown Source)
	at org.apache.maven.surefire.booter.SurefireStarter.invokeProvider(SurefireStarter.java:150)
	at org.apache.maven.surefire.booter.SurefireStarter.runSuitesInProcess(SurefireStarter.java:91)
	at org.apache.maven.surefire.booter.ForkedBooter.main(ForkedBooter.java:69)
Caused by: org.hibernate.exception.GenericJDBCException: Cannot open connection
	at org.hibernate.exception.SQLStateConverter.handledNonSpecificException(SQLStateConverter.java:140)
	at org.hibernate.exception.SQLStateConverter.convert(SQLStateConverter.java:128)
	at org.hibernate.exception.JDBCExceptionHelper.convert(JDBCExceptionHelper.java:66)
	at org.hibernate.exception.JDBCExceptionHelper.convert(JDBCExceptionHelper.java:52)
	at org.hibernate.jdbc.ConnectionManager.openConnection(ConnectionManager.java:449)
	at org.hibernate.jdbc.ConnectionManager.getConnection(ConnectionManager.java:167)
	at org.hibernate.jdbc.JDBCContext.connection(JDBCContext.java:160)
	at org.hibernate.transaction.JDBCTransaction.begin(JDBCTransaction.java:81)
	at org.hibernate.impl.SessionImpl.beginTransaction(SessionImpl.java:1473)
	at org.springframework.orm.hibernate3.HibernateTransactionManager.doBegin(HibernateTransactionManager.java:559)
	... 32 more
Caused by: org.apache.commons.dbcp.SQLNestedException: Cannot create PoolableConnectionFactory (IO Error: The Network Adapter could not establish the connection)
	at org.apache.commons.dbcp.BasicDataSource.createPoolableConnectionFactory(BasicDataSource.java:1549)
	at org.apache.commons.dbcp.BasicDataSource.createDataSource(BasicDataSource.java:1388)
	at org.apache.commons.dbcp.BasicDataSource.getConnection(BasicDataSource.java:1044)
	at org.springframework.orm.hibernate3.LocalDataSourceConnectionProvider.getConnection(LocalDataSourceConnectionProvider.java:82)
	at org.hibernate.jdbc.ConnectionManager.openConnection(ConnectionManager.java:446)
	... 37 more
Caused by: java.sql.SQLRecoverableException: IO Error: The Network Adapter could not establish the connection
	at oracle.jdbc.driver.T4CConnection.logon(T4CConnection.java:419)
	at oracle.jdbc.driver.PhysicalConnection.&lt;init&gt;(PhysicalConnection.java:536)
	at oracle.jdbc.driver.T4CConnection.&lt;init&gt;(T4CConnection.java:228)
	at oracle.jdbc.driver.T4CDriverExtension.getConnection(T4CDriverExtension.java:32)
	at oracle.jdbc.driver.OracleDriver.connect(OracleDriver.java:521)
	at org.apache.commons.dbcp.DriverConnectionFactory.createConnection(DriverConnectionFactory.java:38)
	at org.apache.commons.dbcp.PoolableConnectionFactory.makeObject(PoolableConnectionFactory.java:582)
	at org.apache.commons.dbcp.BasicDataSource.validateConnectionFactory(BasicDataSource.java:1556)
	at org.apache.commons.dbcp.BasicDataSource.createPoolableConnectionFactory(BasicDataSource.java:1545)
	... 41 more
Caused by: oracle.net.ns.NetException: The Network Adapter could not establish the connection
	at oracle.net.nt.ConnStrategy.execute(ConnStrategy.java:375)
	at oracle.net.resolver.AddrResolution.resolveAndExecute(AddrResolution.java:422)
	at oracle.net.ns.NSProtocol.establishConnection(NSProtocol.java:678)
	at oracle.net.ns.NSProtocol.connect(NSProtocol.java:238)
	at oracle.jdbc.driver.T4CConnection.connect(T4CConnection.java:1054)
	at oracle.jdbc.driver.T4CConnection.logon(T4CConnection.java:308)
	... 49 more
Caused by: java.net.ConnectException: Connection timed out: connect
	at java.net.PlainSocketImpl.socketConnect(Native Method)
	at java.net.PlainSocketImpl.doConnect(PlainSocketImpl.java:351)
	at java.net.PlainSocketImpl.connectToAddress(PlainSocketImpl.java:213)
	at java.net.PlainSocketImpl.connect(PlainSocketImpl.java:200)
	at java.net.SocksSocketImpl.connect(SocksSocketImpl.java:366)
	at java.net.Socket.connect(Socket.java:529)
	at oracle.net.nt.TcpNTAdapter.connect(TcpNTAdapter.java:209)
	at oracle.net.nt.ConnOption.connect(ConnOption.java:123)
	at oracle.net.nt.ConnStrategy.execute(ConnStrategy.java:353)
	... 54 more
</system-err>
  </testcase>
  <testcase time="21.007" classname="com.teaminformatics.webapp.controller.DataPointControllerTest" name="getDpEntries">
    <error message="Could not open Hibernate Session for transaction; nested exception is org.hibernate.exception.GenericJDBCException: Cannot open connection" type="org.springframework.transaction.CannotCreateTransactionException">org.springframework.transaction.CannotCreateTransactionException: Could not open Hibernate Session for transaction; nested exception is org.hibernate.exception.GenericJDBCException: Cannot open connection
	at org.springframework.orm.hibernate3.HibernateTransactionManager.doBegin(HibernateTransactionManager.java:601)
	at org.springframework.transaction.support.AbstractPlatformTransactionManager.getTransaction(AbstractPlatformTransactionManager.java:371)
	at org.springframework.test.context.transaction.TransactionalTestExecutionListener$TransactionContext.startTransaction(TransactionalTestExecutionListener.java:507)
	at org.springframework.test.context.transaction.TransactionalTestExecutionListener.startNewTransaction(TransactionalTestExecutionListener.java:269)
	at org.springframework.test.context.transaction.TransactionalTestExecutionListener.beforeTestMethod(TransactionalTestExecutionListener.java:162)
	at org.springframework.test.context.TestContextManager.beforeTestMethod(TestContextManager.java:358)
	at org.springframework.test.context.junit4.statements.RunBeforeTestMethodCallbacks.evaluate(RunBeforeTestMethodCallbacks.java:73)
	at org.junit.internal.runners.statements.RunAfters.evaluate(RunAfters.java:31)
	at org.springframework.test.context.junit4.statements.RunAfterTestMethodCallbacks.evaluate(RunAfterTestMethodCallbacks.java:82)
	at org.springframework.test.context.junit4.statements.SpringRepeat.evaluate(SpringRepeat.java:72)
	at org.springframework.test.context.junit4.SpringJUnit4ClassRunner.runChild(SpringJUnit4ClassRunner.java:240)
	at org.junit.runners.BlockJUnit4ClassRunner.runChild(BlockJUnit4ClassRunner.java:46)
	at org.junit.runners.ParentRunner.runChildren(ParentRunner.java:180)
	at org.junit.runners.ParentRunner.access$000(ParentRunner.java:41)
	at org.junit.runners.ParentRunner$1.evaluate(ParentRunner.java:173)
	at org.junit.internal.runners.statements.RunBefores.evaluate(RunBefores.java:28)
	at org.springframework.test.context.junit4.statements.RunBeforeTestClassCallbacks.evaluate(RunBeforeTestClassCallbacks.java:61)
	at org.junit.internal.runners.statements.RunAfters.evaluate(RunAfters.java:31)
	at org.springframework.test.context.junit4.statements.RunAfterTestClassCallbacks.evaluate(RunAfterTestClassCallbacks.java:70)
	at org.junit.runners.ParentRunner.run(ParentRunner.java:220)
	at org.springframework.test.context.junit4.SpringJUnit4ClassRunner.run(SpringJUnit4ClassRunner.java:180)
	at org.apache.maven.surefire.junit4.JUnit4TestSet.execute(JUnit4TestSet.java:35)
	at org.apache.maven.surefire.junit4.JUnit4Provider.executeTestSet(JUnit4Provider.java:115)
	at org.apache.maven.surefire.junit4.JUnit4Provider.invoke(JUnit4Provider.java:97)
	at sun.reflect.NativeMethodAccessorImpl.invoke0(Native Method)
	at sun.reflect.NativeMethodAccessorImpl.invoke(NativeMethodAccessorImpl.java:39)
	at sun.reflect.DelegatingMethodAccessorImpl.invoke(DelegatingMethodAccessorImpl.java:25)
	at java.lang.reflect.Method.invoke(Method.java:597)
	at org.apache.maven.surefire.booter.ProviderFactory$ClassLoaderProxy.invoke(ProviderFactory.java:103)
	at $Proxy0.invoke(Unknown Source)
	at org.apache.maven.surefire.booter.SurefireStarter.invokeProvider(SurefireStarter.java:150)
	at org.apache.maven.surefire.booter.SurefireStarter.runSuitesInProcess(SurefireStarter.java:91)
	at org.apache.maven.surefire.booter.ForkedBooter.main(ForkedBooter.java:69)
Caused by: org.hibernate.exception.GenericJDBCException: Cannot open connection
	at org.hibernate.exception.SQLStateConverter.handledNonSpecificException(SQLStateConverter.java:140)
	at org.hibernate.exception.SQLStateConverter.convert(SQLStateConverter.java:128)
	at org.hibernate.exception.JDBCExceptionHelper.convert(JDBCExceptionHelper.java:66)
	at org.hibernate.exception.JDBCExceptionHelper.convert(JDBCExceptionHelper.java:52)
	at org.hibernate.jdbc.ConnectionManager.openConnection(ConnectionManager.java:449)
	at org.hibernate.jdbc.ConnectionManager.getConnection(ConnectionManager.java:167)
	at org.hibernate.jdbc.JDBCContext.connection(JDBCContext.java:160)
	at org.hibernate.transaction.JDBCTransaction.begin(JDBCTransaction.java:81)
	at org.hibernate.impl.SessionImpl.beginTransaction(SessionImpl.java:1473)
	at org.springframework.orm.hibernate3.HibernateTransactionManager.doBegin(HibernateTransactionManager.java:559)
	... 32 more
Caused by: org.apache.commons.dbcp.SQLNestedException: Cannot create PoolableConnectionFactory (IO Error: The Network Adapter could not establish the connection)
	at org.apache.commons.dbcp.BasicDataSource.createPoolableConnectionFactory(BasicDataSource.java:1549)
	at org.apache.commons.dbcp.BasicDataSource.createDataSource(BasicDataSource.java:1388)
	at org.apache.commons.dbcp.BasicDataSource.getConnection(BasicDataSource.java:1044)
	at org.springframework.orm.hibernate3.LocalDataSourceConnectionProvider.getConnection(LocalDataSourceConnectionProvider.java:82)
	at org.hibernate.jdbc.ConnectionManager.openConnection(ConnectionManager.java:446)
	... 37 more
Caused by: java.sql.SQLRecoverableException: IO Error: The Network Adapter could not establish the connection
	at oracle.jdbc.driver.T4CConnection.logon(T4CConnection.java:419)
	at oracle.jdbc.driver.PhysicalConnection.&lt;init&gt;(PhysicalConnection.java:536)
	at oracle.jdbc.driver.T4CConnection.&lt;init&gt;(T4CConnection.java:228)
	at oracle.jdbc.driver.T4CDriverExtension.getConnection(T4CDriverExtension.java:32)
	at oracle.jdbc.driver.OracleDriver.connect(OracleDriver.java:521)
	at org.apache.commons.dbcp.DriverConnectionFactory.createConnection(DriverConnectionFactory.java:38)
	at org.apache.commons.dbcp.PoolableConnectionFactory.makeObject(PoolableConnectionFactory.java:582)
	at org.apache.commons.dbcp.BasicDataSource.validateConnectionFactory(BasicDataSource.java:1556)
	at org.apache.commons.dbcp.BasicDataSource.createPoolableConnectionFactory(BasicDataSource.java:1545)
	... 41 more
Caused by: oracle.net.ns.NetException: The Network Adapter could not establish the connection
	at oracle.net.nt.ConnStrategy.execute(ConnStrategy.java:375)
	at oracle.net.resolver.AddrResolution.resolveAndExecute(AddrResolution.java:422)
	at oracle.net.ns.NSProtocol.establishConnection(NSProtocol.java:678)
	at oracle.net.ns.NSProtocol.connect(NSProtocol.java:238)
	at oracle.jdbc.driver.T4CConnection.connect(T4CConnection.java:1054)
	at oracle.jdbc.driver.T4CConnection.logon(T4CConnection.java:308)
	... 49 more
Caused by: java.net.ConnectException: Connection timed out: connect
	at java.net.PlainSocketImpl.socketConnect(Native Method)
	at java.net.PlainSocketImpl.doConnect(PlainSocketImpl.java:351)
	at java.net.PlainSocketImpl.connectToAddress(PlainSocketImpl.java:213)
	at java.net.PlainSocketImpl.connect(PlainSocketImpl.java:200)
	at java.net.SocksSocketImpl.connect(SocksSocketImpl.java:366)
	at java.net.Socket.connect(Socket.java:529)
	at oracle.net.nt.TcpNTAdapter.connect(TcpNTAdapter.java:209)
	at oracle.net.nt.ConnOption.connect(ConnOption.java:123)
	at oracle.net.nt.ConnStrategy.execute(ConnStrategy.java:353)
	... 54 more
</error>
    <system-err>868089 [main] WARN org.hibernate.util.JDBCExceptionReporter - SQL Error: 0, SQLState: null
868089 [main] ERROR org.hibernate.util.JDBCExceptionReporter - Cannot create PoolableConnectionFactory (IO Error: The Network Adapter could not establish the connection)
868089 [main] WARN org.hibernate.util.JDBCExceptionReporter - SQL Error: 0, SQLState: null
868089 [main] ERROR org.hibernate.util.JDBCExceptionReporter - Cannot create PoolableConnectionFactory (IO Error: The Network Adapter could not establish the connection)
868089 [main] WARN org.springframework.test.context.TestContextManager - Caught exception while allowing TestExecutionListener [org.springframework.test.context.transaction.TransactionalTestExecutionListener@34469729] to process &apos;before&apos; execution of test method [public void com.teaminformatics.webapp.controller.DataPointControllerTest.getDpEntries()] for test instance [com.teaminformatics.webapp.controller.DataPointControllerTest@7099e017]
org.springframework.transaction.CannotCreateTransactionException: Could not open Hibernate Session for transaction; nested exception is org.hibernate.exception.GenericJDBCException: Cannot open connection
	at org.springframework.orm.hibernate3.HibernateTransactionManager.doBegin(HibernateTransactionManager.java:601)
	at org.springframework.transaction.support.AbstractPlatformTransactionManager.getTransaction(AbstractPlatformTransactionManager.java:371)
	at org.springframework.test.context.transaction.TransactionalTestExecutionListener$TransactionContext.startTransaction(TransactionalTestExecutionListener.java:507)
	at org.springframework.test.context.transaction.TransactionalTestExecutionListener.startNewTransaction(TransactionalTestExecutionListener.java:269)
	at org.springframework.test.context.transaction.TransactionalTestExecutionListener.beforeTestMethod(TransactionalTestExecutionListener.java:162)
	at org.springframework.test.context.TestContextManager.beforeTestMethod(TestContextManager.java:358)
	at org.springframework.test.context.junit4.statements.RunBeforeTestMethodCallbacks.evaluate(RunBeforeTestMethodCallbacks.java:73)
	at org.junit.internal.runners.statements.RunAfters.evaluate(RunAfters.java:31)
	at org.springframework.test.context.junit4.statements.RunAfterTestMethodCallbacks.evaluate(RunAfterTestMethodCallbacks.java:82)
	at org.springframework.test.context.junit4.statements.SpringRepeat.evaluate(SpringRepeat.java:72)
	at org.springframework.test.context.junit4.SpringJUnit4ClassRunner.runChild(SpringJUnit4ClassRunner.java:240)
	at org.junit.runners.BlockJUnit4ClassRunner.runChild(BlockJUnit4ClassRunner.java:46)
	at org.junit.runners.ParentRunner.runChildren(ParentRunner.java:180)
	at org.junit.runners.ParentRunner.access$000(ParentRunner.java:41)
	at org.junit.runners.ParentRunner$1.evaluate(ParentRunner.java:173)
	at org.junit.internal.runners.statements.RunBefores.evaluate(RunBefores.java:28)
	at org.springframework.test.context.junit4.statements.RunBeforeTestClassCallbacks.evaluate(RunBeforeTestClassCallbacks.java:61)
	at org.junit.internal.runners.statements.RunAfters.evaluate(RunAfters.java:31)
	at org.springframework.test.context.junit4.statements.RunAfterTestClassCallbacks.evaluate(RunAfterTestClassCallbacks.java:70)
	at org.junit.runners.ParentRunner.run(ParentRunner.java:220)
	at org.springframework.test.context.junit4.SpringJUnit4ClassRunner.run(SpringJUnit4ClassRunner.java:180)
	at org.apache.maven.surefire.junit4.JUnit4TestSet.execute(JUnit4TestSet.java:35)
	at org.apache.maven.surefire.junit4.JUnit4Provider.executeTestSet(JUnit4Provider.java:115)
	at org.apache.maven.surefire.junit4.JUnit4Provider.invoke(JUnit4Provider.java:97)
	at sun.reflect.NativeMethodAccessorImpl.invoke0(Native Method)
	at sun.reflect.NativeMethodAccessorImpl.invoke(NativeMethodAccessorImpl.java:39)
	at sun.reflect.DelegatingMethodAccessorImpl.invoke(DelegatingMethodAccessorImpl.java:25)
	at java.lang.reflect.Method.invoke(Method.java:597)
	at org.apache.maven.surefire.booter.ProviderFactory$ClassLoaderProxy.invoke(ProviderFactory.java:103)
	at $Proxy0.invoke(Unknown Source)
	at org.apache.maven.surefire.booter.SurefireStarter.invokeProvider(SurefireStarter.java:150)
	at org.apache.maven.surefire.booter.SurefireStarter.runSuitesInProcess(SurefireStarter.java:91)
	at org.apache.maven.surefire.booter.ForkedBooter.main(ForkedBooter.java:69)
Caused by: org.hibernate.exception.GenericJDBCException: Cannot open connection
	at org.hibernate.exception.SQLStateConverter.handledNonSpecificException(SQLStateConverter.java:140)
	at org.hibernate.exception.SQLStateConverter.convert(SQLStateConverter.java:128)
	at org.hibernate.exception.JDBCExceptionHelper.convert(JDBCExceptionHelper.java:66)
	at org.hibernate.exception.JDBCExceptionHelper.convert(JDBCExceptionHelper.java:52)
	at org.hibernate.jdbc.ConnectionManager.openConnection(ConnectionManager.java:449)
	at org.hibernate.jdbc.ConnectionManager.getConnection(ConnectionManager.java:167)
	at org.hibernate.jdbc.JDBCContext.connection(JDBCContext.java:160)
	at org.hibernate.transaction.JDBCTransaction.begin(JDBCTransaction.java:81)
	at org.hibernate.impl.SessionImpl.beginTransaction(SessionImpl.java:1473)
	at org.springframework.orm.hibernate3.HibernateTransactionManager.doBegin(HibernateTransactionManager.java:559)
	... 32 more
Caused by: org.apache.commons.dbcp.SQLNestedException: Cannot create PoolableConnectionFactory (IO Error: The Network Adapter could not establish the connection)
	at org.apache.commons.dbcp.BasicDataSource.createPoolableConnectionFactory(BasicDataSource.java:1549)
	at org.apache.commons.dbcp.BasicDataSource.createDataSource(BasicDataSource.java:1388)
	at org.apache.commons.dbcp.BasicDataSource.getConnection(BasicDataSource.java:1044)
	at org.springframework.orm.hibernate3.LocalDataSourceConnectionProvider.getConnection(LocalDataSourceConnectionProvider.java:82)
	at org.hibernate.jdbc.ConnectionManager.openConnection(ConnectionManager.java:446)
	... 37 more
Caused by: java.sql.SQLRecoverableException: IO Error: The Network Adapter could not establish the connection
	at oracle.jdbc.driver.T4CConnection.logon(T4CConnection.java:419)
	at oracle.jdbc.driver.PhysicalConnection.&lt;init&gt;(PhysicalConnection.java:536)
	at oracle.jdbc.driver.T4CConnection.&lt;init&gt;(T4CConnection.java:228)
	at oracle.jdbc.driver.T4CDriverExtension.getConnection(T4CDriverExtension.java:32)
	at oracle.jdbc.driver.OracleDriver.connect(OracleDriver.java:521)
	at org.apache.commons.dbcp.DriverConnectionFactory.createConnection(DriverConnectionFactory.java:38)
	at org.apache.commons.dbcp.PoolableConnectionFactory.makeObject(PoolableConnectionFactory.java:582)
	at org.apache.commons.dbcp.BasicDataSource.validateConnectionFactory(BasicDataSource.java:1556)
	at org.apache.commons.dbcp.BasicDataSource.createPoolableConnectionFactory(BasicDataSource.java:1545)
	... 41 more
Caused by: oracle.net.ns.NetException: The Network Adapter could not establish the connection
	at oracle.net.nt.ConnStrategy.execute(ConnStrategy.java:375)
	at oracle.net.resolver.AddrResolution.resolveAndExecute(AddrResolution.java:422)
	at oracle.net.ns.NSProtocol.establishConnection(NSProtocol.java:678)
	at oracle.net.ns.NSProtocol.connect(NSProtocol.java:238)
	at oracle.jdbc.driver.T4CConnection.connect(T4CConnection.java:1054)
	at oracle.jdbc.driver.T4CConnection.logon(T4CConnection.java:308)
	... 49 more
Caused by: java.net.ConnectException: Connection timed out: connect
	at java.net.PlainSocketImpl.socketConnect(Native Method)
	at java.net.PlainSocketImpl.doConnect(PlainSocketImpl.java:351)
	at java.net.PlainSocketImpl.connectToAddress(PlainSocketImpl.java:213)
	at java.net.PlainSocketImpl.connect(PlainSocketImpl.java:200)
	at java.net.SocksSocketImpl.connect(SocksSocketImpl.java:366)
	at java.net.Socket.connect(Socket.java:529)
	at oracle.net.nt.TcpNTAdapter.connect(TcpNTAdapter.java:209)
	at oracle.net.nt.ConnOption.connect(ConnOption.java:123)
	at oracle.net.nt.ConnStrategy.execute(ConnStrategy.java:353)
	... 54 more
</system-err>
  </testcase>
</testsuite>